Using pre-set license
Built from '2021.3/staging' branch; Version is '2021.3.4f1 (cb45f9cae8b7) revision 13321721'; Using compiler version '192829333'; Build Type 'Release'
OS: 'Windows 11  (10.0.22000) 64bit Education' Language: 'ja' Physical Memory: 7939 MB
BatchMode: 1, IsHumanControllingUs: 0, StartBugReporterOnCrash: 0, Is64bit: 1, IsPro: 1

COMMAND LINE ARGUMENTS:
C:\Program Files\Unity\2021.3.4f1\Editor\Unity.exe
-adb2
-batchMode
-noUpm
-name
AssetImportWorker0
-projectPath
C:/Users/2022019/Documents/GitHub/hlsl-shader/shader-lab
-logFile
Logs/AssetImportWorker0.log
-srvPort
53587
Successfully changed project path to: C:/Users/2022019/Documents/GitHub/hlsl-shader/shader-lab
C:/Users/2022019/Documents/GitHub/hlsl-shader/shader-lab
[UnityMemory] Configuration Parameters - Can be set up in boot.config
    "memorysetup-bucket-allocator-granularity=16"
    "memorysetup-bucket-allocator-bucket-count=8"
    "memorysetup-bucket-allocator-block-size=33554432"
    "memorysetup-bucket-allocator-block-count=8"
    "memorysetup-main-allocator-block-size=16777216"
    "memorysetup-thread-allocator-block-size=16777216"
    "memorysetup-gfx-main-allocator-block-size=16777216"
    "memorysetup-gfx-thread-allocator-block-size=16777216"
    "memorysetup-cache-allocator-block-size=4194304"
    "memorysetup-typetree-allocator-block-size=2097152"
    "memorysetup-profiler-bucket-allocator-granularity=16"
    "memorysetup-profiler-bucket-allocator-bucket-count=8"
    "memorysetup-profiler-bucket-allocator-block-size=33554432"
    "memorysetup-profiler-bucket-allocator-block-count=8"
    "memorysetup-profiler-allocator-block-size=16777216"
    "memorysetup-profiler-editor-allocator-block-size=1048576"
    "memorysetup-temp-allocator-size-main=16777216"
    "memorysetup-job-temp-allocator-block-size=2097152"
    "memorysetup-job-temp-allocator-block-size-background=1048576"
    "memorysetup-job-temp-allocator-reduction-small-platforms=262144"
    "memorysetup-temp-allocator-size-background-worker=32768"
    "memorysetup-temp-allocator-size-job-worker=262144"
    "memorysetup-temp-allocator-size-preload-manager=33554432"
    "memorysetup-temp-allocator-size-nav-mesh-worker=65536"
    "memorysetup-temp-allocator-size-audio-worker=65536"
    "memorysetup-temp-allocator-size-cloud-worker=32768"
    "memorysetup-temp-allocator-size-gi-baking-worker=262144"
    "memorysetup-temp-allocator-size-gfx=262144"
Refreshing native plugins compatible for Editor in 328.18 ms, found 3 plugins.
Preloading 0 native plugins for Editor in 0.00 ms.
Initialize engine version: 2021.3.4f1 (cb45f9cae8b7)
[Subsystems] Discovering subsystems at path C:/Program Files/Unity/2021.3.4f1/Editor/Data/Resources/UnitySubsystems
[Subsystems] Discovering subsystems at path C:/Users/2022019/Documents/GitHub/hlsl-shader/shader-lab/Assets
GfxDevice: creating device client; threaded=0; jobified=0
Direct3D:
    Version:  Direct3D 11.0 [level 11.1]
    Renderer: Intel(R) UHD Graphics 620 (ID=0x3ea0)
    Vendor:   Intel
    VRAM:     3969 MB
    Driver:   30.0.100.9864
Initialize mono
Mono path[0] = 'C:/Program Files/Unity/2021.3.4f1/Editor/Data/Managed'
Mono path[1] = 'C:/Program Files/Unity/2021.3.4f1/Editor/Data/MonoBleedingEdge/lib/mono/unityjit-win32'
Mono config path = 'C:/Program Files/Unity/2021.3.4f1/Editor/Data/MonoBleedingEdge/etc'
Using monoOptions --debugger-agent=transport=dt_socket,embedding=1,server=y,suspend=n,address=127.0.0.1:56544
Begin MonoManager ReloadAssembly
Registering precompiled unity dll's ...
Register platform support module: C:/Program Files/Unity/2021.3.4f1/Editor/Data/PlaybackEngines/AndroidPlayer/UnityEditor.Android.Extensions.dll
Register platform support module: C:/Program Files/Unity/2021.3.4f1/Editor/Data/PlaybackEngines/WindowsStandaloneSupport/UnityEditor.WindowsStandalone.Extensions.dll
Registered in 0.279218 seconds.
Native extension for WindowsStandalone target not found
Native extension for Android target not found
Refreshing native plugins compatible for Editor in 393.20 ms, found 3 plugins.
Preloading 0 native plugins for Editor in 0.00 ms.
Mono: successfully reloaded assembly
- Completed reload, in  7.323 seconds
Domain Reload Profiling:
	ReloadAssembly (7337ms)
		BeginReloadAssembly (438ms)
			ExecutionOrderSort (0ms)
			DisableScriptedObjects (0ms)
			BackupInstance (0ms)
			ReleaseScriptingObjects (0ms)
			CreateAndSetChildDomain (2ms)
		EndReloadAssembly (6224ms)
			LoadAssemblies (431ms)
			RebuildTransferFunctionScriptingTraits (0ms)
			SetupTypeCache (316ms)
			ReleaseScriptCaches (0ms)
			RebuildScriptCaches (312ms)
			SetupLoadedEditorAssemblies (5361ms)
				LogAssemblyErrors (0ms)
				InitializePlatformSupportModulesInManaged (902ms)
				SetLoadedEditorAssemblies (1ms)
				RefreshPlugins (394ms)
				BeforeProcessingInitializeOnLoad (22ms)
				ProcessInitializeOnLoadAttributes (1380ms)
				ProcessInitializeOnLoadMethodAttributes (2652ms)
				AfterProcessingInitializeOnLoad (1ms)
				EditorAssembliesLoaded (9ms)
			ExecutionOrderSort2 (0ms)
			AwakeInstancesAfterBackupRestoration (0ms)
Platform modules already initialized, skipping
Registering precompiled user dll's ...
Registered in 0.258838 seconds.
Android Extension - Scanning For ADB Devices 11816 ms
Begin MonoManager ReloadAssembly
Symbol file LoadedFromMemory doesn't match image C:\Users\2022019\Documents\GitHub\hlsl-shader\shader-lab\Library\PackageCache\com.unity.visualscripting@1.7.8\Editor\VisualScripting.Core\Dependencies\YamlDotNet\Unity.VisualScripting.YamlDotNet.dll
Symbol file LoadedFromMemory doesn't match image C:\Users\2022019\Documents\GitHub\hlsl-shader\shader-lab\Library\PackageCache\com.unity.visualscripting@1.7.8\Editor\VisualScripting.Core\Dependencies\DotNetZip\Unity.VisualScripting.IonicZip.dll
Native extension for WindowsStandalone target not found
Native extension for Android target not found
Refreshing native plugins compatible for Editor in 1.06 ms, found 3 plugins.
Preloading 0 native plugins for Editor in 0.00 ms.
Mono: successfully reloaded assembly
- Completed reload, in  4.743 seconds
Domain Reload Profiling:
	ReloadAssembly (4745ms)
		BeginReloadAssembly (704ms)
			ExecutionOrderSort (0ms)
			DisableScriptedObjects (34ms)
			BackupInstance (0ms)
			ReleaseScriptingObjects (2ms)
			CreateAndSetChildDomain (70ms)
		EndReloadAssembly (3410ms)
			LoadAssemblies (2034ms)
			RebuildTransferFunctionScriptingTraits (0ms)
			SetupTypeCache (631ms)
			ReleaseScriptCaches (1ms)
			RebuildScriptCaches (136ms)
			SetupLoadedEditorAssemblies (833ms)
				LogAssemblyErrors (0ms)
				InitializePlatformSupportModulesInManaged (39ms)
				SetLoadedEditorAssemblies (1ms)
				RefreshPlugins (1ms)
				BeforeProcessingInitializeOnLoad (184ms)
				ProcessInitializeOnLoadAttributes (523ms)
				ProcessInitializeOnLoadMethodAttributes (72ms)
				AfterProcessingInitializeOnLoad (12ms)
				EditorAssembliesLoaded (0ms)
			ExecutionOrderSort2 (0ms)
			AwakeInstancesAfterBackupRestoration (20ms)
Platform modules already initialized, skipping
========================================================================
Worker process is ready to serve import requests
Launched and connected shader compiler UnityShaderCompiler.exe after 0.12 seconds
Refreshing native plugins compatible for Editor in 1.20 ms, found 3 plugins.
Preloading 0 native plugins for Editor in 0.00 ms.
Unloading 3376 Unused Serialized files (Serialized files now loaded: 0)
Unloading 25 unused Assets / (56.1 KB). Loaded Objects now: 3842.
Memory consumption went from 124.5 MB to 124.5 MB.
Total: 8.878100 ms (FindLiveObjects: 0.616100 ms CreateObjectMapping: 0.411700 ms MarkObjects: 7.024000 ms  DeleteObjects: 0.822000 ms)

AssetImportParameters requested are different than current active one (requested -> active):
  custom:video-decoder-ogg-theora: a1e56fd34408186e4bbccfd4996cb3dc -> 
  custom:container-muxer-webm: aa71ff27fc2769a1b78a27578f13a17b -> 
  custom:container-demuxer-webm: 4f35f7cbe854078d1ac9338744f61a02 -> 
  custom:video-encoder-webm-vp8: eb34c28f22e8b96e1ab97ce403110664 -> 
  custom:audio-encoder-webm-vorbis: bf7c407c2cedff20999df2af8eb42d56 -> 
  custom:framework-win-MediaFoundation: 216162199b28c13a410421893ffa2e32 -> 
  custom:container-demuxer-ogg: 62fdf1f143b41e24485cea50d1cbac27 -> 
  custom:video-decoder-webm-vp8: 9c59270c3fd7afecdb556c50c9e8de78 -> 
  custom:audio-decoder-ogg-vorbis: bf7c407c2cedff20999df2af8eb42d56 -> 
========================================================================
Received Import Request.
  Time since last request: 37729.917525 seconds.
  path: Assets/Materials/StainedGlassMaterial.mat
  artifactKey: Guid(97e71e1a140ad594daf08b3f8afd0cd4) Importer(815301076,1909f56bfc062723c751e8b465ee728b)
Start importing Assets/Materials/StainedGlassMaterial.mat using Guid(97e71e1a140ad594daf08b3f8afd0cd4) Importer(815301076,1909f56bfc062723c751e8b465ee728b)  -> (artifact id: '1702ef61b26369d029cfd8d81deccd00') in 0.820229 seconds 
========================================================================
Received Import Request.
  Time since last request: 1660.519074 seconds.
  path: Assets/Images/27953512_p4.jpg
  artifactKey: Guid(bcb0d809a7817964eb7b194131373e26) Importer(815301076,1909f56bfc062723c751e8b465ee728b)
Start importing Assets/Images/27953512_p4.jpg using Guid(bcb0d809a7817964eb7b194131373e26) Importer(815301076,1909f56bfc062723c751e8b465ee728b)  -> (artifact id: 'd23c7844e47e7f596752337f3d527c6a') in 0.817719 seconds 
========================================================================
Received Import Request.
  Time since last request: 14.238568 seconds.
  path: Assets/Scenes/StainedGlass.unity
  artifactKey: Guid(d2d1f2d1a90d2504791d110ee9e204a2) Importer(815301076,1909f56bfc062723c751e8b465ee728b)
Start importing Assets/Scenes/StainedGlass.unity using Guid(d2d1f2d1a90d2504791d110ee9e204a2) Importer(815301076,1909f56bfc062723c751e8b465ee728b)  -> (artifact id: '82e991a3278ae79811e16e3e93c738a8') in 0.016585 seconds 
========================================================================
Received Import Request.
  Time since last request: 1.715927 seconds.
  path: Assets/Scenes/StainedGlass 1.unity
  artifactKey: Guid(9ea4357a51e2d0c4fa56be131823eb19) Importer(815301076,1909f56bfc062723c751e8b465ee728b)
Start importing Assets/Scenes/StainedGlass 1.unity using Guid(9ea4357a51e2d0c4fa56be131823eb19) Importer(815301076,1909f56bfc062723c751e8b465ee728b)  -> (artifact id: '05eec6d5407b53e494e8fcb65308f90b') in 0.015675 seconds 
========================================================================
Received Import Request.
  Time since last request: 15.584076 seconds.
  path: Assets/Scenes/UvScroll.unity
  artifactKey: Guid(9ea4357a51e2d0c4fa56be131823eb19) Importer(815301076,1909f56bfc062723c751e8b465ee728b)
Start importing Assets/Scenes/UvScroll.unity using Guid(9ea4357a51e2d0c4fa56be131823eb19) Importer(815301076,1909f56bfc062723c751e8b465ee728b)  -> (artifact id: 'a13c202da363f18cff83c11c0daea0de') in 0.015805 seconds 
========================================================================
Received Import Request.
  Time since last request: 3.728265 seconds.
  path: Assets/Materials/StainedGlassMaterial.mat
  artifactKey: Guid(97e71e1a140ad594daf08b3f8afd0cd4) Importer(815301076,1909f56bfc062723c751e8b465ee728b)
Start importing Assets/Materials/StainedGlassMaterial.mat using Guid(97e71e1a140ad594daf08b3f8afd0cd4) Importer(815301076,1909f56bfc062723c751e8b465ee728b)  -> (artifact id: 'e99371738649db02518de21d81f0ed1a') in 0.087705 seconds 
========================================================================
Received Import Request.
  Time since last request: 26.143364 seconds.
  path: Assets/Materials/StainedGlassMaterial 1.mat
  artifactKey: Guid(20da5deedee62e8409e48c8b5e201342) Importer(815301076,1909f56bfc062723c751e8b465ee728b)
Start importing Assets/Materials/StainedGlassMaterial 1.mat using Guid(20da5deedee62e8409e48c8b5e201342) Importer(815301076,1909f56bfc062723c751e8b465ee728b)  -> (artifact id: 'fabd0cb65284af8a5ddd65a98e84a527') in 0.050910 seconds 
========================================================================
Received Import Request.
  Time since last request: 11.865587 seconds.
  path: Assets/Materials/UvScrollMaterial.mat
  artifactKey: Guid(20da5deedee62e8409e48c8b5e201342) Importer(815301076,1909f56bfc062723c751e8b465ee728b)
Start importing Assets/Materials/UvScrollMaterial.mat using Guid(20da5deedee62e8409e48c8b5e201342) Importer(815301076,1909f56bfc062723c751e8b465ee728b)  -> (artifact id: '8aa20a5f672ee2f92828330f7f8a3fff') in 0.088541 seconds 
========================================================================
Received Import Request.
  Time since last request: 5.071636 seconds.
  path: Assets/Prefab/dragon_vrip.prefab
  artifactKey: Guid(8b2dd99061f69ff43a3ab5016b7cdf4f) Importer(815301076,1909f56bfc062723c751e8b465ee728b)
Start importing Assets/Prefab/dragon_vrip.prefab using Guid(8b2dd99061f69ff43a3ab5016b7cdf4f) Importer(815301076,1909f56bfc062723c751e8b465ee728b)  -> (artifact id: '747534d9e586c5752fe10a22bbb3a11b') in 0.447630 seconds 
========================================================================
Received Import Request.
  Time since last request: 14.759505 seconds.
  path: Assets/Shaders/tutorialSurfaceShader/shader07.shader
  artifactKey: Guid(868cfa16e0ae671448b41936e76b96a6) Importer(815301076,1909f56bfc062723c751e8b465ee728b)
Start importing Assets/Shaders/tutorialSurfaceShader/shader07.shader using Guid(868cfa16e0ae671448b41936e76b96a6) Importer(815301076,1909f56bfc062723c751e8b465ee728b)  -> (artifact id: '538b8611c0807f8b7e1c68a0db1f3adb') in 0.018499 seconds 
========================================================================
Received Import Request.
  Time since last request: 2.327376 seconds.
  path: Assets/Shaders/tutorialSurfaceShader/shader07 1.shader
  artifactKey: Guid(34e1afce58cb8bc4bb369ec549467f13) Importer(815301076,1909f56bfc062723c751e8b465ee728b)
Start importing Assets/Shaders/tutorialSurfaceShader/shader07 1.shader using Guid(34e1afce58cb8bc4bb369ec549467f13) Importer(815301076,1909f56bfc062723c751e8b465ee728b)  -> (artifact id: 'fcd63f1313e5a008ec99433bcc34b3fa') in 0.037310 seconds 
========================================================================
Received Import Request.
  Time since last request: 5.126026 seconds.
  path: Assets/Shaders/tutorialSurfaceShader/shader08.shader
  artifactKey: Guid(34e1afce58cb8bc4bb369ec549467f13) Importer(815301076,1909f56bfc062723c751e8b465ee728b)
Start importing Assets/Shaders/tutorialSurfaceShader/shader08.shader using Guid(34e1afce58cb8bc4bb369ec549467f13) Importer(815301076,1909f56bfc062723c751e8b465ee728b)  -> (artifact id: '2bc6dc23b33866adbe1f446c5f909e57') in 0.047282 seconds 
========================================================================
Received Import Request.
  Time since last request: 43.873847 seconds.
  path: Assets/Shaders/tutorialSurfaceShader/shader08.shader
  artifactKey: Guid(34e1afce58cb8bc4bb369ec549467f13) Importer(815301076,1909f56bfc062723c751e8b465ee728b)
Start importing Assets/Shaders/tutorialSurfaceShader/shader08.shader using Guid(34e1afce58cb8bc4bb369ec549467f13) Importer(815301076,1909f56bfc062723c751e8b465ee728b)  -> (artifact id: '87ef289bcf322b603ed64a785bb16c62') in 0.033889 seconds 
========================================================================
Received Import Request.
  Time since last request: 25.046276 seconds.
  path: Assets/Materials/StainedGlassMaterial.mat
  artifactKey: Guid(97e71e1a140ad594daf08b3f8afd0cd4) Importer(815301076,1909f56bfc062723c751e8b465ee728b)
Start importing Assets/Materials/StainedGlassMaterial.mat using Guid(97e71e1a140ad594daf08b3f8afd0cd4) Importer(815301076,1909f56bfc062723c751e8b465ee728b)  -> (artifact id: '81f905a90b4302f777fe6f4b63dce3f9') in 0.069404 seconds 
========================================================================
Received Import Request.
  Time since last request: 230.747860 seconds.
  path: Assets/Materials/UvScrollMaterial.mat
  artifactKey: Guid(20da5deedee62e8409e48c8b5e201342) Importer(815301076,1909f56bfc062723c751e8b465ee728b)
Start importing Assets/Materials/UvScrollMaterial.mat using Guid(20da5deedee62e8409e48c8b5e201342) Importer(815301076,1909f56bfc062723c751e8b465ee728b)  -> (artifact id: 'dc827722d4123fbd82d7ac4fd89ebc6a') in 0.734787 seconds 
========================================================================
Received Import Request.
  Time since last request: 42.665205 seconds.
  path: Assets/Materials/UvScrollMaterial.mat
  artifactKey: Guid(20da5deedee62e8409e48c8b5e201342) Importer(815301076,1909f56bfc062723c751e8b465ee728b)
Start importing Assets/Materials/UvScrollMaterial.mat using Guid(20da5deedee62e8409e48c8b5e201342) Importer(815301076,1909f56bfc062723c751e8b465ee728b)  -> (artifact id: '73be7109561f534fa9e831b8b190abb4') in 0.244727 seconds 
========================================================================
Received Import Request.
  Time since last request: 67.252595 seconds.
  path: Assets/Materials/UvScrollMaterial.mat
  artifactKey: Guid(20da5deedee62e8409e48c8b5e201342) Importer(815301076,1909f56bfc062723c751e8b465ee728b)
Start importing Assets/Materials/UvScrollMaterial.mat using Guid(20da5deedee62e8409e48c8b5e201342) Importer(815301076,1909f56bfc062723c751e8b465ee728b)  -> (artifact id: 'f9f3a64e0e793a628bd838825bf0c288') in 0.320936 seconds 
========================================================================
Received Import Request.
  Time since last request: 3.310725 seconds.
  path: Assets/Materials/StainedGlassMaterial.mat
  artifactKey: Guid(97e71e1a140ad594daf08b3f8afd0cd4) Importer(815301076,1909f56bfc062723c751e8b465ee728b)
Start importing Assets/Materials/StainedGlassMaterial.mat using Guid(97e71e1a140ad594daf08b3f8afd0cd4) Importer(815301076,1909f56bfc062723c751e8b465ee728b)  -> (artifact id: '290d65738144c2d1c1b4198b2524839b') in 0.075345 seconds 
========================================================================
Received Import Request.
  Time since last request: 9.115098 seconds.
  path: Assets/Materials/StainedGlassMaterial.mat
  artifactKey: Guid(97e71e1a140ad594daf08b3f8afd0cd4) Importer(815301076,1909f56bfc062723c751e8b465ee728b)
Start importing Assets/Materials/StainedGlassMaterial.mat using Guid(97e71e1a140ad594daf08b3f8afd0cd4) Importer(815301076,1909f56bfc062723c751e8b465ee728b)  -> (artifact id: '7d7ec99012faea5a99f80c421f5c60a2') in 0.038740 seconds 
========================================================================
Received Import Request.
  Time since last request: 25.872584 seconds.
  path: Assets/Materials/UvScrollMaterial.mat
  artifactKey: Guid(20da5deedee62e8409e48c8b5e201342) Importer(815301076,1909f56bfc062723c751e8b465ee728b)
Start importing Assets/Materials/UvScrollMaterial.mat using Guid(20da5deedee62e8409e48c8b5e201342) Importer(815301076,1909f56bfc062723c751e8b465ee728b)  -> (artifact id: 'a57521c39bedf0d8d0d11c5b991938e7') in 0.035362 seconds 
